#
# There is insufficient memory for the Java Runtime Environment to continue.
# Native memory allocation (mmap) failed to map 528482304 bytes for G1 virtual space
# Possible reasons:
#   The system is out of physical RAM or swap space
#   The process is running with CompressedOops enabled, and the Java Heap may be blocking the growth of the native heap
# Possible solutions:
#   Reduce memory load on the system
#   Increase physical memory or swap space
#   Check if swap backing store is full
#   Decrease Java heap size (-Xmx/-Xms)
#   Decrease number of Java threads
#   Decrease Java thread stack sizes (-Xss)
#   Set larger code cache with -XX:ReservedCodeCacheSize=
#   JVM is running with Zero Based Compressed Oops mode in which the Java heap is
#     placed in the first 32GB address space. The Java Heap base address is the
#     maximum limit for the native heap growth. Please use -XX:HeapBaseMinAddress
#     to set the Java Heap base and to place the Java Heap above 32GB virtual address.
# This output file may be truncated or incomplete.
#
#  Out of Memory Error (os_windows.cpp:3603), pid=11680, tid=3592
#
# JRE version:  (21.0.8+12) (build )
# Java VM: Java HotSpot(TM) 64-Bit Server VM (21.0.8+12-LTS-250, mixed mode, sharing, tiered, compressed oops, compressed class ptrs, g1 gc, windows-amd64)
# No core dump will be written. Minidumps are not enabled by default on client versions of Windows
#

---------------  S U M M A R Y ------------

Command Line: 

Host: Intel(R) Core(TM) Ultra 5 125H, 18 cores, 31G,  Windows 11 , 64 bit Build 26100 (10.0.26100.4768)
Time: Tue Aug 26 15:11:36 2025  Windows 11 , 64 bit Build 26100 (10.0.26100.4768) elapsed time: 2.032115 seconds (0d 0h 0m 2s)

---------------  T H R E A D  ---------------

Current thread (0x00000245dff90f40):  JavaThread "Unknown thread" [_thread_in_vm, id=3592, stack(0x000000acd1000000,0x000000acd1100000) (1024K)]

Stack: [0x000000acd1000000,0x000000acd1100000]
Native frames: (J=compiled Java code, j=interpreted, Vv=VM code, C=native code)
V  [jvm.dll+0x6cc179]
V  [jvm.dll+0x8584c1]
V  [jvm.dll+0x85a9ee]
V  [jvm.dll+0x85b0c3]
V  [jvm.dll+0x27ebf6]
V  [jvm.dll+0x6c88f5]
V  [jvm.dll+0x6bd45a]
V  [jvm.dll+0x354b1a]
V  [jvm.dll+0x35c796]
V  [jvm.dll+0x3af85e]
V  [jvm.dll+0x3afb08]
V  [jvm.dll+0x328e2c]
V  [jvm.dll+0x32998b]
V  [jvm.dll+0x821879]
V  [jvm.dll+0x3bc541]
V  [jvm.dll+0x80aaf8]
V  [jvm.dll+0x45172e]
V  [jvm.dll+0x453321]
C  [jli.dll+0x52a3]
C  [ucrtbase.dll+0x37b0]
C  [KERNEL32.DLL+0x2e8d7]
C  [ntdll.dll+0x3c34c]


---------------  P R O C E S S  ---------------

Threads class SMR info:
_java_thread_list=0x00007fff60fcfc48, length=0, elements={
}

Java Threads: ( => current thread )
Total: 0

Other Threads:
  0x00000245e063f7a0 WorkerThread "GC Thread#0"                     [id=1880, stack(0x000000acd1100000,0x000000acd1200000) (1024K)]
  0x00000245e0650250 ConcurrentGCThread "G1 Main Marker"            [id=44096, stack(0x000000acd1200000,0x000000acd1300000) (1024K)]
  0x00000245e0651ae0 WorkerThread "G1 Conc#0"                       [id=35612, stack(0x000000acd1300000,0x000000acd1400000) (1024K)]

[error occurred during error reporting (printing all threads), id 0xc0000005, EXCEPTION_ACCESS_VIOLATION (0xc0000005) at pc=0x00007fff6073b5b7]
VM state: not at safepoint (not fully initialized)

VM Mutex/Monitor currently owned by a thread:  ([mutex/lock_event])
[0x00007fff61040f50] Heap_lock - owner thread: 0x00000245dff90f40

Heap address: 0x0000000608800000, size: 8056 MB, Compressed Oops mode: Zero based, Oop shift amount: 3

CDS archive(s) mapped at: [0x0000000000000000-0x0000000000000000-0x0000000000000000), size 0, SharedBaseAddress: 0x0000000800000000, ArchiveRelocationMode: 1.
Narrow klass base: 0x0000000000000000, Narrow klass shift: 0, Narrow klass range: 0x0

GC Precious Log:
 CardTable entry size: 512
 Card Set container configuration: InlinePtr #cards 4 size 8 Array Of Cards #cards 32 size 80 Howl #buckets 8 coarsen threshold 7372 Howl Bitmap #cards 1024 size 144 coarsen threshold 921 Card regions per heap region 1 cards per card region 8192

Heap:
 garbage-first heap   total 0K, used 0K [0x0000000608800000, 0x0000000800000000)
  region size 4096K, 0 young (0K), 0 survivors (0K)

[error occurred during error reporting (printing heap information), id 0xc0000005, EXCEPTION_ACCESS_VIOLATION (0xc0000005) at pc=0x00007fff60b251e9]
GC Heap History (0 events):
No events

Dll operation events (1 events):
Event: 0.011 Loaded shared library D:\Program Files\Java\jdk-21\bin\java.dll

Deoptimization events (0 events):
No events

Classes loaded (0 events):
No events

Classes unloaded (0 events):
No events

Classes redefined (0 events):
No events

Internal exceptions (0 events):
No events

ZGC Phase Switch (0 events):
No events

VM Operations (0 events):
No events

Events (0 events):
No events


Dynamic libraries:
0x00007ff772fc0000 - 0x00007ff772fd0000 	D:\Program Files\Java\jdk-21\bin\java.exe
0x00007ff8a5000000 - 0x00007ff8a5267000 	C:\Windows\SYSTEM32\ntdll.dll
0x00007ff8a2d90000 - 0x00007ff8a2e59000 	C:\Windows\System32\KERNEL32.DLL
0x00007ff8a2630000 - 0x00007ff8a2a20000 	C:\Windows\System32\KERNELBASE.dll
0x00007ff8a24e0000 - 0x00007ff8a262b000 	C:\Windows\System32\ucrtbase.dll
0x00007ff836bf0000 - 0x00007ff836c0b000 	D:\Program Files\Java\jdk-21\bin\VCRUNTIME140.dll
0x00007ff836b10000 - 0x00007ff836b29000 	D:\Program Files\Java\jdk-21\bin\jli.dll
0x00007ff8a4520000 - 0x00007ff8a45d4000 	C:\Windows\System32\ADVAPI32.dll
0x00007ff8a3ef0000 - 0x00007ff8a3f99000 	C:\Windows\System32\msvcrt.dll
0x00007ff8a3e30000 - 0x00007ff8a3ed6000 	C:\Windows\System32\sechost.dll
0x00007ff8a4ea0000 - 0x00007ff8a4fb8000 	C:\Windows\System32\RPCRT4.dll
0x00007ff8a45e0000 - 0x00007ff8a47a5000 	C:\Windows\System32\USER32.dll
0x00007ff8a2370000 - 0x00007ff8a2397000 	C:\Windows\System32\win32u.dll
0x00007ff8a47b0000 - 0x00007ff8a47db000 	C:\Windows\System32\GDI32.dll
0x00007ff8a23a0000 - 0x00007ff8a24d8000 	C:\Windows\System32\gdi32full.dll
0x00007ff8870c0000 - 0x00007ff88735a000 	C:\Windows\WinSxS\amd64_microsoft.windows.common-controls_6595b64144ccf1df_6.0.26100.4768_none_3e0c112ce331287c\COMCTL32.dll
0x00007ff8a2ce0000 - 0x00007ff8a2d83000 	C:\Windows\System32\msvcp_win.dll
0x00007ff892f80000 - 0x00007ff892f8b000 	C:\Windows\SYSTEM32\VERSION.dll
0x00007ff8a2fa0000 - 0x00007ff8a2fcf000 	C:\Windows\System32\IMM32.DLL
0x00007ff839600000 - 0x00007ff83960c000 	D:\Program Files\Java\jdk-21\bin\vcruntime140_1.dll
0x00007fff8c250000 - 0x00007fff8c2de000 	D:\Program Files\Java\jdk-21\bin\msvcp140.dll
0x00007fff60400000 - 0x00007fff6111d000 	D:\Program Files\Java\jdk-21\bin\server\jvm.dll
0x00007ff8a2e90000 - 0x00007ff8a2f04000 	C:\Windows\System32\WS2_32.dll
0x00007ff8a1f90000 - 0x00007ff8a1fee000 	C:\Windows\SYSTEM32\POWRPROF.dll
0x00007ff89bff0000 - 0x00007ff89c025000 	C:\Windows\SYSTEM32\WINMM.dll
0x00007ff8a1f70000 - 0x00007ff8a1f84000 	C:\Windows\SYSTEM32\UMPDC.dll
0x00007ff8a0eb0000 - 0x00007ff8a0ecb000 	C:\Windows\SYSTEM32\kernel.appcore.dll
0x00007ff836b00000 - 0x00007ff836b0a000 	D:\Program Files\Java\jdk-21\bin\jimage.dll
0x00007ff89f8a0000 - 0x00007ff89fae1000 	C:\Windows\SYSTEM32\DBGHELP.DLL
0x00007ff8a4a20000 - 0x00007ff8a4da5000 	C:\Windows\System32\combase.dll
0x00007ff8a4db0000 - 0x00007ff8a4e90000 	C:\Windows\System32\OLEAUT32.dll
0x00007ff89bf60000 - 0x00007ff89bfa3000 	C:\Windows\SYSTEM32\dbgcore.DLL
0x00007ff8a2c40000 - 0x00007ff8a2cd9000 	C:\Windows\System32\bcryptPrimitives.dll
0x00007ff8336d0000 - 0x00007ff8336ef000 	D:\Program Files\Java\jdk-21\bin\java.dll

dbghelp: loaded successfully - version: 4.0.5 - missing functions: none
symbol engine: initialized successfully - sym options: 0x614 - pdb path: .;D:\Program Files\Java\jdk-21\bin;C:\Windows\SYSTEM32;C:\Windows\WinSxS\amd64_microsoft.windows.common-controls_6595b64144ccf1df_6.0.26100.4768_none_3e0c112ce331287c;D:\Program Files\Java\jdk-21\bin\server

VM Arguments:
java_command: <unknown>
java_class_path (initial): <not set>
Launcher Type: SUN_STANDARD

[Global flags]
     intx CICompilerCount                          = 12                                        {product} {ergonomic}
     uint ConcGCThreads                            = 4                                         {product} {ergonomic}
     uint G1ConcRefinementThreads                  = 14                                        {product} {ergonomic}
   size_t G1HeapRegionSize                         = 4194304                                   {product} {ergonomic}
    uintx GCDrainStackTargetSize                   = 64                                        {product} {ergonomic}
   size_t InitialHeapSize                          = 528482304                                 {product} {ergonomic}
   size_t MarkStackSize                            = 4194304                                   {product} {ergonomic}
   size_t MaxHeapSize                              = 8447328256                                {product} {ergonomic}
   size_t MinHeapDeltaBytes                        = 4194304                                   {product} {ergonomic}
   size_t MinHeapSize                              = 8388608                                   {product} {ergonomic}
    uintx NonNMethodCodeHeapSize                   = 7602480                                {pd product} {ergonomic}
    uintx NonProfiledCodeHeapSize                  = 122027880                              {pd product} {ergonomic}
    uintx ProfiledCodeHeapSize                     = 122027880                              {pd product} {ergonomic}
    uintx ReservedCodeCacheSize                    = 251658240                              {pd product} {ergonomic}
     bool SegmentedCodeCache                       = true                                      {product} {ergonomic}
   size_t SoftMaxHeapSize                          = 8447328256                             {manageable} {ergonomic}
     bool UseCompressedOops                        = true                           {product lp64_product} {ergonomic}
     bool UseG1GC                                  = true                                      {product} {ergonomic}
     bool UseLargePagesIndividualAllocation        = false                                  {pd product} {ergonomic}

Logging:
Log output configuration:
 #0: stdout all=warning uptime,level,tags foldmultilines=false
 #1: stderr all=off uptime,level,tags foldmultilines=false

Environment Variables:
JAVA_HOME=D:\Program Files\Java\jdk-21
PATH=D:\Program Files\Java\jdk-21\bin;C:\Users\24884\.trae-cn\tools\maven\latest\bin;C:\Users\24884\.trae-cn\tools\gradle\latest\bin;D:\Program Files\Java\jdk-21\bin;D:\Program Files\Java\jdk-21\jre\bin;C:\Program Files\Common Files\Oracle\Java\javapath;C:\Program Files (x86)\Common Files\Oracle\Java\java8path;C:\Program Files (x86)\Common Files\Oracle\Java\javapath;D:\Program Files\VMware\bin\;C:\Windows\system32;C:\Windows;C:\Windows\System32\Wbem;C:\Windows\System32\WindowsPowerShell\v1.0\;C:\Windows\System32\OpenSSH\;C:\Program Files\dotnet\;D:\Program Files\X-Shell\;D:\Program Files\X-Ftp\;C:\Nvm\nvm;C:\Program Files\nodejs;D:\Program Files\Git\cmd;D:\Program Files\nodejs\;D:\Program Files\Maven\apache-maven-3.6.3\bin;d:\Program Files\Trae CN\bin;C:\Users\24884\AppData\Local\Programs\Python\Python39\Scripts\;C:\Users\24884\AppData\Local\Programs\Python\Python39\;C:\Users\24884\AppData\Local\Microsoft\WindowsApps;C:\Users\24884\AppData\Local\Programs\Microsoft VS Code\bin;D:\Program Files\Python\PyCharm Community Edition 2025.1.2\bin;;D:\Program Files\IntelliJ IDEA Community Edition 2025.1.2\bin;;C:\Nvm\nvm;C:\Program Files\nodejs;D:\Program Files\IntelliJ IDEA 2023.3.2\bin;;C:\Users\24884\AppData\Local\Programs\Python\Python39\lib\site-packages\django\bin;D:\Program Files\WebStorm 2023.2.8\bin;;D:\Program Files\Redis-x64-5.0.14.1;C:\Users\24884\AppData\Roaming\npm;D:\Program Files\cursor\resources\app\bin;D:\Program Files\CodeBuddy\bin;d:\Program Files\Trae CN\resources\app\bin\lib;C:\Users\24884\.trae-cn\tools\maven\latest\bin;C:\Users\24884\.trae-cn\tools\gradle\latest\bin
USERNAME=24884
OS=Windows_NT
PROCESSOR_IDENTIFIER=Intel64 Family 6 Model 170 Stepping 4, GenuineIntel
TMP=C:\Users\24884\AppData\Local\Temp
TEMP=C:\Users\24884\AppData\Local\Temp




Periodic native trim disabled

---------------  S Y S T E M  ---------------

OS:
 Windows 11 , 64 bit Build 26100 (10.0.26100.4768)
OS uptime: 11 days 10:53 hours
Hyper-V role detected

CPU: total 18 (initial active 18) (9 cores per cpu, 2 threads per core) family 6 model 170 stepping 4 microcode 0x1e, cx8, cmov, fxsr, ht, mmx, 3dnowpref, sse, sse2, sse3, ssse3, sse4.1, sse4.2, popcnt, lzcnt, tsc, tscinvbit, avx, avx2, aes, erms, clmul, bmi1, bmi2, adx, sha, fma, vzeroupper, clflush, clflushopt, clwb, hv, serialize, rdtscp, rdpid, fsrm, f16c, cet_ibt, cet_ss
Processor Information for processor 0
  Max Mhz: 1200, Current Mhz: 1200, Mhz Limit: 1200
Processor Information for processor 1
  Max Mhz: 1200, Current Mhz: 1200, Mhz Limit: 1200
Processor Information for processor 2
  Max Mhz: 700, Current Mhz: 700, Mhz Limit: 700
Processor Information for processor 3
  Max Mhz: 700, Current Mhz: 700, Mhz Limit: 700
Processor Information for processor 4
  Max Mhz: 700, Current Mhz: 700, Mhz Limit: 700
Processor Information for processor 5
  Max Mhz: 700, Current Mhz: 700, Mhz Limit: 700
Processor Information for processor 6
  Max Mhz: 700, Current Mhz: 700, Mhz Limit: 700
Processor Information for processor 7
  Max Mhz: 700, Current Mhz: 700, Mhz Limit: 700
Processor Information for processor 8
  Max Mhz: 700, Current Mhz: 700, Mhz Limit: 700
Processor Information for processor 9
  Max Mhz: 700, Current Mhz: 700, Mhz Limit: 700
Processor Information for processor 10
  Max Mhz: 1200, Current Mhz: 1200, Mhz Limit: 1200
Processor Information for processor 11
  Max Mhz: 1200, Current Mhz: 1200, Mhz Limit: 1200
Processor Information for processor 12
  Max Mhz: 1200, Current Mhz: 1200, Mhz Limit: 1200
Processor Information for processor 13
  Max Mhz: 1200, Current Mhz: 1200, Mhz Limit: 1200
Processor Information for processor 14
  Max Mhz: 1200, Current Mhz: 1200, Mhz Limit: 1200
Processor Information for processor 15
  Max Mhz: 1200, Current Mhz: 1200, Mhz Limit: 1200
Processor Information for processor 16
  Max Mhz: 700, Current Mhz: 700, Mhz Limit: 700
Processor Information for processor 17
  Max Mhz: 700, Current Mhz: 700, Mhz Limit: 700

Memory: 4k page, system-wide physical 32221M (3525M free)
TotalPageFile size 57221M (AvailPageFile size 10M)
current process WorkingSet (physical memory assigned to process): 13M, peak: 13M
current process commit charge ("private bytes"): 73M, peak: 577M

vm_info: Java HotSpot(TM) 64-Bit Server VM (21.0.8+12-LTS-250) for windows-amd64 JRE (21.0.8+12-LTS-250), built on 2025-06-27T08:11:22Z by "mach5one" with MS VC++ 17.6 (VS2022)

END.
